Build started 16.5.2023 г. 23:58:20.
     1>Project "D:\TUVaRNA\Course2\sem4\ПС\PRAKTIKA\Steven\Week4\File_Help_Task_2\File_Help_Task_2\File_Help_Task_2.vcxproj" on node 2 (Build target(s)).
     1>Link:
         D:\VS 2012\VC\bin\link.exe /ERRORREPORT:PROMPT /OUT:"D:\TUVaRNA\Course2\sem4\ПС\PRAKTIKA\Steven\Week4\File_Help_Task_2\Debug\File_Help_Task_2.exe" /INCREMENTAL /NOLOGO kernel32.lib user32.lib gdi32.lib winspool.lib comdlg32.lib advapi32.lib shell32.lib ole32.lib oleaut32.lib uuid.lib odbc32.lib odbccp32.lib /MANIFEST /MANIFESTUAC:"level='asInvoker' uiAccess='false'" /manifest:embed /DEBUG /PDB:"D:\TUVaRNA\Course2\sem4\ПС\PRAKTIKA\Steven\Week4\File_Help_Task_2\Debug\File_Help_Task_2.pdb" /SUBSYSTEM:WINDOWS /TLBID:1 /DYNAMICBASE /NXCOMPAT /IMPLIB:"D:\TUVaRNA\Course2\sem4\ПС\PRAKTIKA\Steven\Week4\File_Help_Task_2\Debug\File_Help_Task_2.lib" /MACHINE:X86 Debug\File_Help_Task_2.res
         Debug\File_Help_Task_2.obj
     1>File_Help_Task_2.obj : error LNK2011: precompiled object not linked in; image may not run
     1>D:\TUVaRNA\Course2\sem4\ПС\PRAKTIKA\Steven\Week4\File_Help_Task_2\Debug\File_Help_Task_2.exe : fatal error LNK1120: 1 unresolved externals
     1>Done Building Project "D:\TUVaRNA\Course2\sem4\ПС\PRAKTIKA\Steven\Week4\File_Help_Task_2\File_Help_Task_2\File_Help_Task_2.vcxproj" (Build target(s)) -- FAILED.

Build FAILED.

Time Elapsed 00:00:00.56
